<?xml version="1.0" encoding="UTF-8"?>
<!-- Generated by org.testng.reporters.JUnitXMLReporter -->
<testsuite ignored="0" hostname="HP" failures="5" tests="17" name="parameterTest" time="75.238" errors="0" timestamp="2025-03-24T14:41:45 IST">
  <testcase classname="testscript.LoginPageTest" name="verifyUserCanLoginwithValidUsernameAndInvalidPwd" time="0.364">
    <failure type="java.lang.AssertionError" message="Login is not Successful expected [Dashboard | 7rmart supermarket] but found [Login | 7rmart supermarket]">
      <![CDATA[java.lang.AssertionError: Login is not Successful expected [Dashboard | 7rmart supermarket] but found [Login | 7rmart supermarket]
at testscript.LoginPageTest.verifyUserCanLoginwithValidUsernameAndInvalidPwd(LoginPageTest.java:54)
at java.base/java.util.ArrayList.forEach(ArrayList.java:1597)
... Removed 30 stack frames]]>
    </failure>
  </testcase> <!-- verifyUserCanLoginwithValidUsernameAndInvalidPwd -->
  <testcase classname="testscript.LoginPageTest" name="verifyUsercanLoginwithInvalidUsernameAndPassword" time="0.466"/>
  <testcase classname="testscript.LoginPageTest" name="verifyUsercanLoginwithInvalidUsernameAndPassword" time="0.386">
    <failure type="java.lang.AssertionError" message="Login is not Successful expected [Dashboard | 7rmart supermarket] but found [Login | 7rmart supermarket]">
      <![CDATA[java.lang.AssertionError: Login is not Successful expected [Dashboard | 7rmart supermarket] but found [Login | 7rmart supermarket]
at testscript.LoginPageTest.verifyUsercanLoginwithInvalidUsernameAndPassword(LoginPageTest.java:66)
at java.base/java.util.ArrayList.forEach(ArrayList.java:1597)
... Removed 30 stack frames]]>
    </failure>
  </testcase> <!-- verifyUsercanLoginwithInvalidUsernameAndPassword -->
  <testcase classname="testscript.LoginPageTest" name="verifyUsercanLoginwithInvalidUsernameAndPassword" time="0.59">
    <failure type="java.lang.AssertionError" message="Login is not Successful expected [Dashboard | 7rmart supermarket] but found [Login | 7rmart supermarket]">
      <![CDATA[java.lang.AssertionError: Login is not Successful expected [Dashboard | 7rmart supermarket] but found [Login | 7rmart supermarket]
at testscript.LoginPageTest.verifyUsercanLoginwithInvalidUsernameAndPassword(LoginPageTest.java:66)
at java.base/java.util.ArrayList.forEach(ArrayList.java:1597)
... Removed 30 stack frames]]>
    </failure>
  </testcase> <!-- verifyUsercanLoginwithInvalidUsernameAndPassword -->
  <testcase classname="testscript.LoginPageTest" name="verifyUsercanLoginwithInvalidUsernameAndPassword" time="0.847">
    <failure type="java.lang.AssertionError" message="Login is not Successful expected [Dashboard | 7rmart supermarket] but found [Login | 7rmart supermarket]">
      <![CDATA[java.lang.AssertionError: Login is not Successful expected [Dashboard | 7rmart supermarket] but found [Login | 7rmart supermarket]
at testscript.LoginPageTest.verifyUsercanLoginwithInvalidUsernameAndPassword(LoginPageTest.java:66)
at java.base/java.util.ArrayList.forEach(ArrayList.java:1597)
... Removed 30 stack frames]]>
    </failure>
  </testcase> <!-- verifyUsercanLoginwithInvalidUsernameAndPassword -->
  <testcase classname="testscript.LoginPageTest" name="verifyUsercanLoginwithInvalidUsernameAndValidPwd" time="3.587">
    <failure type="java.lang.AssertionError" message="Login is not Successful expected [Dashboard | 7rmart supermarket] but found [Login | 7rmart supermarket]">
      <![CDATA[java.lang.AssertionError: Login is not Successful expected [Dashboard | 7rmart supermarket] but found [Login | 7rmart supermarket]
at testscript.LoginPageTest.verifyUsercanLoginwithInvalidUsernameAndValidPwd(LoginPageTest.java:42)
at java.base/java.util.ArrayList.forEach(ArrayList.java:1597)
... Removed 30 stack frames]]>
    </failure>
  </testcase> <!-- verifyUsercanLoginwithInvalidUsernameAndValidPwd -->
  <testcase classname="testscript.LoginPageTest" name="verifyUsercanLoginwithValidCredentials" time="0.963"/>
  <testcase classname="testscript.HomePageTest" name="verifyWhetherUsercanLogout" time="1.864"/>
  <testcase classname="testscript.AddNewUserPageTest" name="verifyIfNewUserCanBeAdded" time="4.358"/>
  <testcase classname="testscript.SearchUserPageTest" name="verifyWhetherSearchResultsAreDisplayed" time="2.016"/>
  <testcase classname="testscript.DeleteUserPageTest" name="verifyIfUserCanBeDeleted" time="1.985"/>
  <testcase classname="testscript.ResetPageTest" name="verifyWhetherClickOnResetButtonisResettingfields" time="1.964"/>
  <testcase classname="testscript.AddCategoryPageTest" name="verifyUsercanAddCategory" time="3.507"/>
  <testcase classname="testscript.UpdateCategoryPageTest" name="verifyIfUserCanEditCategoryPage" time="2.517"/>
  <testcase classname="testscript.AddNewSubCategoryPageTest" name="verifyIfNewSubCategoryCanBeAdded" time="3.136"/>
  <testcase classname="testscript.UpdateSubCategoryPageTest" name="verifyIfUserCanUpdateSubCategory" time="2.782"/>
  <testcase classname="testscript.UpdateContactUsPageTest" name="verifyIfUserCanEditContactDetails" time="4.3"/>
</testsuite> <!-- parameterTest -->
