<html>
<head>
<title>TestNG:  parameterTest</title>
<link href="../testng.css" rel="stylesheet" type="text/css" />
<link href="../my-testng.css" rel="stylesheet" type="text/css" />

<style type="text/css">
.log { display: none;} 
.stack-trace { display: none;} 
</style>
<script type="text/javascript">
<!--
function flip(e) {
  current = e.style.display;
  if (current == 'block') {
    e.style.display = 'none';
    return 0;
  }
  else {
    e.style.display = 'block';
    return 1;
  }
}

function toggleBox(szDivId, elem, msg1, msg2)
{
  var res = -1;  if (document.getElementById) {
    res = flip(document.getElementById(szDivId));
  }
  else if (document.all) {
    // this is the way old msie versions work
    res = flip(document.all[szDivId]);
  }
  if(elem) {
    if(res == 0) elem.innerHTML = msg1; else elem.innerHTML = msg2;
  }

}

function toggleAllBoxes() {
  if (document.getElementsByTagName) {
    d = document.getElementsByTagName('div');
    for (i = 0; i < d.length; i++) {
      if (d[i].className == 'log') {
        flip(d[i]);
      }
    }
  }
}

// -->
</script>

</head>
<body>
<h2 align='center'>parameterTest</h2><table border='1' align="center">
<tr>
<td>Tests passed/Failed/Skipped:</td><td>12/5/0</td>
</tr><tr>
<td>Started on:</td><td>Mon Mar 24 14:40:29 IST 2025</td>
</tr>
<tr><td>Total time:</td><td>75 seconds (75238 ms)</td>
</tr><tr>
<td>Included groups:</td><td></td>
</tr><tr>
<td>Excluded groups:</td><td></td>
</tr>
</table><p/>
<small><i>(Hover the method name to see the test class name)</i></small><p/>
<table width='100%' border='1' class='invocation-failed'>
<tr><td colspan='4' align='center'><b>FAILED TESTS</b></td></tr>
<tr><td><b>Test method</b></td>
<td><b>Attribute(s)</b></td>
<td width="30%"><b>Exception</b></td>
<td width="10%"><b>Time (seconds)</b></td>
<td><b>Instance</b></td>
</tr>
<tr>
<td title='testscript.LoginPageTest.verifyUsercanLoginwithInvalidUsernameAndPassword()'><b>verifyUsercanLoginwithInvalidUsernameAndPassword</b><br>Test class: testscript.LoginPageTest<br>Parameters: 123, admin</td>
<td><div><pre>java.lang.AssertionError: Login is not Successful expected [Dashboard | 7rmart supermarket] but found [Login | 7rmart supermarket]
	at testscript.LoginPageTest.verifyUsercanLoginwithInvalidUsernameAndPassword(LoginPageTest.java:66)
	at java.base/java.util.ArrayList.forEach(ArrayList.java:1597)
... Removed 30 stack frames</pre></div><a href='#' onClick='toggleBox("stack-trace1808527451", this, "Click to show all stack frames", "Click to hide stack frames")'>Click to show all stack frames</a>
<div class='stack-trace' id='stack-trace1808527451'><pre>java.lang.AssertionError: Login is not Successful expected [Dashboard | 7rmart supermarket] but found [Login | 7rmart supermarket]
	at org.testng.Assert.fail(Assert.java:111)
	at org.testng.Assert.failNotEquals(Assert.java:1578)
	at org.testng.Assert.assertEqualsImpl(Assert.java:150)
	at org.testng.Assert.assertEquals(Assert.java:132)
	at org.testng.Assert.assertEquals(Assert.java:656)
	at testscript.LoginPageTest.verifyUsercanLoginwithInvalidUsernameAndPassword(LoginPageTest.java:66)
	at java.base/jdk.internal.reflect.DirectMethodHandleAccessor.invoke(DirectMethodHandleAccessor.java:103)
	at java.base/java.lang.reflect.Method.invoke(Method.java:580)
	at org.testng.internal.invokers.MethodInvocationHelper.invokeMethod(MethodInvocationHelper.java:141)
	at org.testng.internal.invokers.TestInvoker.invokeMethod(TestInvoker.java:686)
	at org.testng.internal.invokers.TestInvoker.invokeTestMethod(TestInvoker.java:230)
	at org.testng.internal.invokers.MethodRunner.runInSequence(MethodRunner.java:63)
	at org.testng.internal.invokers.TestInvoker$MethodInvocationAgent.invoke(TestInvoker.java:992)
	at org.testng.internal.invokers.TestInvoker.invokeTestMethods(TestInvoker.java:203)
	at org.testng.internal.invokers.TestMethodWorker.invokeTestMethods(TestMethodWorker.java:154)
	at org.testng.internal.invokers.TestMethodWorker.run(TestMethodWorker.java:134)
	at java.base/java.util.ArrayList.forEach(ArrayList.java:1597)
	at org.testng.TestRunner.privateRun(TestRunner.java:739)
	at org.testng.TestRunner.run(TestRunner.java:614)
	at org.testng.SuiteRunner.runTest(SuiteRunner.java:421)
	at org.testng.SuiteRunner.runSequentially(SuiteRunner.java:413)
	at org.testng.SuiteRunner.privateRun(SuiteRunner.java:373)
	at org.testng.SuiteRunner.run(SuiteRunner.java:312)
	at org.testng.SuiteRunnerWorker.runSuite(SuiteRunnerWorker.java:52)
	at org.testng.SuiteRunnerWorker.run(SuiteRunnerWorker.java:95)
	at org.testng.TestNG.runSuitesSequentially(TestNG.java:1274)
	at org.testng.TestNG.runSuitesLocally(TestNG.java:1208)
	at org.testng.TestNG.runSuites(TestNG.java:1112)
	at org.testng.TestNG.run(TestNG.java:1079)
	at org.testng.remote.AbstractRemoteTestNG.run(AbstractRemoteTestNG.java:115)
	at org.testng.remote.RemoteTestNG.initAndRun(RemoteTestNG.java:293)
	at org.testng.remote.RemoteTestNG.main(RemoteTestNG.java:91)
</pre></div></td>
<td>0</td>
<td>testscript.LoginPageTest@264f218</td></tr>
<tr>
<td title='testscript.LoginPageTest.verifyUsercanLoginwithInvalidUsernameAndPassword()'><b>verifyUsercanLoginwithInvalidUsernameAndPassword</b><br>Test class: testscript.LoginPageTest<br>Parameters: admin, 123</td>
<td><div><pre>java.lang.AssertionError: Login is not Successful expected [Dashboard | 7rmart supermarket] but found [Login | 7rmart supermarket]
	at testscript.LoginPageTest.verifyUsercanLoginwithInvalidUsernameAndPassword(LoginPageTest.java:66)
	at java.base/java.util.ArrayList.forEach(ArrayList.java:1597)
... Removed 30 stack frames</pre></div><a href='#' onClick='toggleBox("stack-trace1449987177", this, "Click to show all stack frames", "Click to hide stack frames")'>Click to show all stack frames</a>
<div class='stack-trace' id='stack-trace1449987177'><pre>java.lang.AssertionError: Login is not Successful expected [Dashboard | 7rmart supermarket] but found [Login | 7rmart supermarket]
	at org.testng.Assert.fail(Assert.java:111)
	at org.testng.Assert.failNotEquals(Assert.java:1578)
	at org.testng.Assert.assertEqualsImpl(Assert.java:150)
	at org.testng.Assert.assertEquals(Assert.java:132)
	at org.testng.Assert.assertEquals(Assert.java:656)
	at testscript.LoginPageTest.verifyUsercanLoginwithInvalidUsernameAndPassword(LoginPageTest.java:66)
	at java.base/jdk.internal.reflect.DirectMethodHandleAccessor.invoke(DirectMethodHandleAccessor.java:103)
	at java.base/java.lang.reflect.Method.invoke(Method.java:580)
	at org.testng.internal.invokers.MethodInvocationHelper.invokeMethod(MethodInvocationHelper.java:141)
	at org.testng.internal.invokers.TestInvoker.invokeMethod(TestInvoker.java:686)
	at org.testng.internal.invokers.TestInvoker.invokeTestMethod(TestInvoker.java:230)
	at org.testng.internal.invokers.MethodRunner.runInSequence(MethodRunner.java:63)
	at org.testng.internal.invokers.TestInvoker$MethodInvocationAgent.invoke(TestInvoker.java:992)
	at org.testng.internal.invokers.TestInvoker.invokeTestMethods(TestInvoker.java:203)
	at org.testng.internal.invokers.TestMethodWorker.invokeTestMethods(TestMethodWorker.java:154)
	at org.testng.internal.invokers.TestMethodWorker.run(TestMethodWorker.java:134)
	at java.base/java.util.ArrayList.forEach(ArrayList.java:1597)
	at org.testng.TestRunner.privateRun(TestRunner.java:739)
	at org.testng.TestRunner.run(TestRunner.java:614)
	at org.testng.SuiteRunner.runTest(SuiteRunner.java:421)
	at org.testng.SuiteRunner.runSequentially(SuiteRunner.java:413)
	at org.testng.SuiteRunner.privateRun(SuiteRunner.java:373)
	at org.testng.SuiteRunner.run(SuiteRunner.java:312)
	at org.testng.SuiteRunnerWorker.runSuite(SuiteRunnerWorker.java:52)
	at org.testng.SuiteRunnerWorker.run(SuiteRunnerWorker.java:95)
	at org.testng.TestNG.runSuitesSequentially(TestNG.java:1274)
	at org.testng.TestNG.runSuitesLocally(TestNG.java:1208)
	at org.testng.TestNG.runSuites(TestNG.java:1112)
	at org.testng.TestNG.run(TestNG.java:1079)
	at org.testng.remote.AbstractRemoteTestNG.run(AbstractRemoteTestNG.java:115)
	at org.testng.remote.RemoteTestNG.initAndRun(RemoteTestNG.java:293)
	at org.testng.remote.RemoteTestNG.main(RemoteTestNG.java:91)
</pre></div></td>
<td>0</td>
<td>testscript.LoginPageTest@264f218</td></tr>
<tr>
<td title='testscript.LoginPageTest.verifyUsercanLoginwithInvalidUsernameAndValidPwd()'><b>verifyUsercanLoginwithInvalidUsernameAndValidPwd</b><br>Test class: testscript.LoginPageTest</td>
<td><div><pre>java.lang.AssertionError: Login is not Successful expected [Dashboard | 7rmart supermarket] but found [Login | 7rmart supermarket]
	at testscript.LoginPageTest.verifyUsercanLoginwithInvalidUsernameAndValidPwd(LoginPageTest.java:42)
	at java.base/java.util.ArrayList.forEach(ArrayList.java:1597)
... Removed 30 stack frames</pre></div><a href='#' onClick='toggleBox("stack-trace2070295086", this, "Click to show all stack frames", "Click to hide stack frames")'>Click to show all stack frames</a>
<div class='stack-trace' id='stack-trace2070295086'><pre>java.lang.AssertionError: Login is not Successful expected [Dashboard | 7rmart supermarket] but found [Login | 7rmart supermarket]
	at org.testng.Assert.fail(Assert.java:111)
	at org.testng.Assert.failNotEquals(Assert.java:1578)
	at org.testng.Assert.assertEqualsImpl(Assert.java:150)
	at org.testng.Assert.assertEquals(Assert.java:132)
	at org.testng.Assert.assertEquals(Assert.java:656)
	at testscript.LoginPageTest.verifyUsercanLoginwithInvalidUsernameAndValidPwd(LoginPageTest.java:42)
	at java.base/jdk.internal.reflect.DirectMethodHandleAccessor.invoke(DirectMethodHandleAccessor.java:103)
	at java.base/java.lang.reflect.Method.invoke(Method.java:580)
	at org.testng.internal.invokers.MethodInvocationHelper.invokeMethod(MethodInvocationHelper.java:141)
	at org.testng.internal.invokers.TestInvoker.invokeMethod(TestInvoker.java:686)
	at org.testng.internal.invokers.TestInvoker.invokeTestMethod(TestInvoker.java:230)
	at org.testng.internal.invokers.MethodRunner.runInSequence(MethodRunner.java:63)
	at org.testng.internal.invokers.TestInvoker$MethodInvocationAgent.invoke(TestInvoker.java:992)
	at org.testng.internal.invokers.TestInvoker.invokeTestMethods(TestInvoker.java:203)
	at org.testng.internal.invokers.TestMethodWorker.invokeTestMethods(TestMethodWorker.java:154)
	at org.testng.internal.invokers.TestMethodWorker.run(TestMethodWorker.java:134)
	at java.base/java.util.ArrayList.forEach(ArrayList.java:1597)
	at org.testng.TestRunner.privateRun(TestRunner.java:739)
	at org.testng.TestRunner.run(TestRunner.java:614)
	at org.testng.SuiteRunner.runTest(SuiteRunner.java:421)
	at org.testng.SuiteRunner.runSequentially(SuiteRunner.java:413)
	at org.testng.SuiteRunner.privateRun(SuiteRunner.java:373)
	at org.testng.SuiteRunner.run(SuiteRunner.java:312)
	at org.testng.SuiteRunnerWorker.runSuite(SuiteRunnerWorker.java:52)
	at org.testng.SuiteRunnerWorker.run(SuiteRunnerWorker.java:95)
	at org.testng.TestNG.runSuitesSequentially(TestNG.java:1274)
	at org.testng.TestNG.runSuitesLocally(TestNG.java:1208)
	at org.testng.TestNG.runSuites(TestNG.java:1112)
	at org.testng.TestNG.run(TestNG.java:1079)
	at org.testng.remote.AbstractRemoteTestNG.run(AbstractRemoteTestNG.java:115)
	at org.testng.remote.RemoteTestNG.initAndRun(RemoteTestNG.java:293)
	at org.testng.remote.RemoteTestNG.main(RemoteTestNG.java:91)
</pre></div></td>
<td>3</td>
<td>testscript.LoginPageTest@264f218</td></tr>
<tr>
<td title='testscript.LoginPageTest.verifyUsercanLoginwithInvalidUsernameAndPassword()'><b>verifyUsercanLoginwithInvalidUsernameAndPassword</b><br>Test class: testscript.LoginPageTest<br>Parameters: 123, 123</td>
<td><div><pre>java.lang.AssertionError: Login is not Successful expected [Dashboard | 7rmart supermarket] but found [Login | 7rmart supermarket]
	at testscript.LoginPageTest.verifyUsercanLoginwithInvalidUsernameAndPassword(LoginPageTest.java:66)
	at java.base/java.util.ArrayList.forEach(ArrayList.java:1597)
... Removed 30 stack frames</pre></div><a href='#' onClick='toggleBox("stack-trace1905804261", this, "Click to show all stack frames", "Click to hide stack frames")'>Click to show all stack frames</a>
<div class='stack-trace' id='stack-trace1905804261'><pre>java.lang.AssertionError: Login is not Successful expected [Dashboard | 7rmart supermarket] but found [Login | 7rmart supermarket]
	at org.testng.Assert.fail(Assert.java:111)
	at org.testng.Assert.failNotEquals(Assert.java:1578)
	at org.testng.Assert.assertEqualsImpl(Assert.java:150)
	at org.testng.Assert.assertEquals(Assert.java:132)
	at org.testng.Assert.assertEquals(Assert.java:656)
	at testscript.LoginPageTest.verifyUsercanLoginwithInvalidUsernameAndPassword(LoginPageTest.java:66)
	at java.base/jdk.internal.reflect.DirectMethodHandleAccessor.invoke(DirectMethodHandleAccessor.java:103)
	at java.base/java.lang.reflect.Method.invoke(Method.java:580)
	at org.testng.internal.invokers.MethodInvocationHelper.invokeMethod(MethodInvocationHelper.java:141)
	at org.testng.internal.invokers.TestInvoker.invokeMethod(TestInvoker.java:686)
	at org.testng.internal.invokers.TestInvoker.invokeTestMethod(TestInvoker.java:230)
	at org.testng.internal.invokers.MethodRunner.runInSequence(MethodRunner.java:63)
	at org.testng.internal.invokers.TestInvoker$MethodInvocationAgent.invoke(TestInvoker.java:992)
	at org.testng.internal.invokers.TestInvoker.invokeTestMethods(TestInvoker.java:203)
	at org.testng.internal.invokers.TestMethodWorker.invokeTestMethods(TestMethodWorker.java:154)
	at org.testng.internal.invokers.TestMethodWorker.run(TestMethodWorker.java:134)
	at java.base/java.util.ArrayList.forEach(ArrayList.java:1597)
	at org.testng.TestRunner.privateRun(TestRunner.java:739)
	at org.testng.TestRunner.run(TestRunner.java:614)
	at org.testng.SuiteRunner.runTest(SuiteRunner.java:421)
	at org.testng.SuiteRunner.runSequentially(SuiteRunner.java:413)
	at org.testng.SuiteRunner.privateRun(SuiteRunner.java:373)
	at org.testng.SuiteRunner.run(SuiteRunner.java:312)
	at org.testng.SuiteRunnerWorker.runSuite(SuiteRunnerWorker.java:52)
	at org.testng.SuiteRunnerWorker.run(SuiteRunnerWorker.java:95)
	at org.testng.TestNG.runSuitesSequentially(TestNG.java:1274)
	at org.testng.TestNG.runSuitesLocally(TestNG.java:1208)
	at org.testng.TestNG.runSuites(TestNG.java:1112)
	at org.testng.TestNG.run(TestNG.java:1079)
	at org.testng.remote.AbstractRemoteTestNG.run(AbstractRemoteTestNG.java:115)
	at org.testng.remote.RemoteTestNG.initAndRun(RemoteTestNG.java:293)
	at org.testng.remote.RemoteTestNG.main(RemoteTestNG.java:91)
</pre></div></td>
<td>0</td>
<td>testscript.LoginPageTest@264f218</td></tr>
<tr>
<td title='testscript.LoginPageTest.verifyUserCanLoginwithValidUsernameAndInvalidPwd()'><b>verifyUserCanLoginwithValidUsernameAndInvalidPwd</b><br>Test class: testscript.LoginPageTest<br>Parameters: admin1, pass</td>
<td><div><pre>java.lang.AssertionError: Login is not Successful expected [Dashboard | 7rmart supermarket] but found [Login | 7rmart supermarket]
	at testscript.LoginPageTest.verifyUserCanLoginwithValidUsernameAndInvalidPwd(LoginPageTest.java:54)
	at java.base/java.util.ArrayList.forEach(ArrayList.java:1597)
... Removed 30 stack frames</pre></div><a href='#' onClick='toggleBox("stack-trace1735330400", this, "Click to show all stack frames", "Click to hide stack frames")'>Click to show all stack frames</a>
<div class='stack-trace' id='stack-trace1735330400'><pre>java.lang.AssertionError: Login is not Successful expected [Dashboard | 7rmart supermarket] but found [Login | 7rmart supermarket]
	at org.testng.Assert.fail(Assert.java:111)
	at org.testng.Assert.failNotEquals(Assert.java:1578)
	at org.testng.Assert.assertEqualsImpl(Assert.java:150)
	at org.testng.Assert.assertEquals(Assert.java:132)
	at org.testng.Assert.assertEquals(Assert.java:656)
	at testscript.LoginPageTest.verifyUserCanLoginwithValidUsernameAndInvalidPwd(LoginPageTest.java:54)
	at java.base/jdk.internal.reflect.DirectMethodHandleAccessor.invoke(DirectMethodHandleAccessor.java:103)
	at java.base/java.lang.reflect.Method.invoke(Method.java:580)
	at org.testng.internal.invokers.MethodInvocationHelper.invokeMethod(MethodInvocationHelper.java:141)
	at org.testng.internal.invokers.TestInvoker.invokeMethod(TestInvoker.java:686)
	at org.testng.internal.invokers.TestInvoker.invokeTestMethod(TestInvoker.java:230)
	at org.testng.internal.invokers.MethodRunner.runInSequence(MethodRunner.java:63)
	at org.testng.internal.invokers.TestInvoker$MethodInvocationAgent.invoke(TestInvoker.java:992)
	at org.testng.internal.invokers.TestInvoker.invokeTestMethods(TestInvoker.java:203)
	at org.testng.internal.invokers.TestMethodWorker.invokeTestMethods(TestMethodWorker.java:154)
	at org.testng.internal.invokers.TestMethodWorker.run(TestMethodWorker.java:134)
	at java.base/java.util.ArrayList.forEach(ArrayList.java:1597)
	at org.testng.TestRunner.privateRun(TestRunner.java:739)
	at org.testng.TestRunner.run(TestRunner.java:614)
	at org.testng.SuiteRunner.runTest(SuiteRunner.java:421)
	at org.testng.SuiteRunner.runSequentially(SuiteRunner.java:413)
	at org.testng.SuiteRunner.privateRun(SuiteRunner.java:373)
	at org.testng.SuiteRunner.run(SuiteRunner.java:312)
	at org.testng.SuiteRunnerWorker.runSuite(SuiteRunnerWorker.java:52)
	at org.testng.SuiteRunnerWorker.run(SuiteRunnerWorker.java:95)
	at org.testng.TestNG.runSuitesSequentially(TestNG.java:1274)
	at org.testng.TestNG.runSuitesLocally(TestNG.java:1208)
	at org.testng.TestNG.runSuites(TestNG.java:1112)
	at org.testng.TestNG.run(TestNG.java:1079)
	at org.testng.remote.AbstractRemoteTestNG.run(AbstractRemoteTestNG.java:115)
	at org.testng.remote.RemoteTestNG.initAndRun(RemoteTestNG.java:293)
	at org.testng.remote.RemoteTestNG.main(RemoteTestNG.java:91)
</pre></div></td>
<td>0</td>
<td>testscript.LoginPageTest@264f218</td></tr>
</table><p>
<table width='100%' border='1' class='invocation-passed'>
<tr><td colspan='4' align='center'><b>PASSED TESTS</b></td></tr>
<tr><td><b>Test method</b></td>
<td><b>Attribute(s)</b></td>
<td width="30%"><b>Exception</b></td>
<td width="10%"><b>Time (seconds)</b></td>
<td><b>Instance</b></td>
</tr>
<tr>
<td title='testscript.UpdateCategoryPageTest.verifyIfUserCanEditCategoryPage()'><b>verifyIfUserCanEditCategoryPage</b><br>Test class: testscript.UpdateCategoryPageTest</td>
<td></td>
<td>2</td>
<td>testscript.UpdateCategoryPageTest@26adfd2d</td></tr>
<tr>
<td title='testscript.AddCategoryPageTest.verifyUsercanAddCategory()'><b>verifyUsercanAddCategory</b><br>Test class: testscript.AddCategoryPageTest</td>
<td></td>
<td>3</td>
<td>testscript.AddCategoryPageTest@2bec854f</td></tr>
<tr>
<td title='testscript.UpdateContactUsPageTest.verifyIfUserCanEditContactDetails()'><b>verifyIfUserCanEditContactDetails</b><br>Test class: testscript.UpdateContactUsPageTest</td>
<td></td>
<td>4</td>
<td>testscript.UpdateContactUsPageTest@205d38da</td></tr>
<tr>
<td title='testscript.SearchUserPageTest.verifyWhetherSearchResultsAreDisplayed()'><b>verifyWhetherSearchResultsAreDisplayed</b><br>Test class: testscript.SearchUserPageTest</td>
<td></td>
<td>2</td>
<td>testscript.SearchUserPageTest@1890516e</td></tr>
<tr>
<td title='testscript.DeleteUserPageTest.verifyIfUserCanBeDeleted()'><b>verifyIfUserCanBeDeleted</b><br>Test class: testscript.DeleteUserPageTest</td>
<td></td>
<td>1</td>
<td>testscript.DeleteUserPageTest@15a04efb</td></tr>
<tr>
<td title='testscript.LoginPageTest.verifyUsercanLoginwithValidCredentials()'><b>verifyUsercanLoginwithValidCredentials</b><br>Test class: testscript.LoginPageTest</td>
<td></td>
<td>0</td>
<td>testscript.LoginPageTest@264f218</td></tr>
<tr>
<td title='testscript.AddNewSubCategoryPageTest.verifyIfNewSubCategoryCanBeAdded()'><b>verifyIfNewSubCategoryCanBeAdded</b><br>Test class: testscript.AddNewSubCategoryPageTest</td>
<td></td>
<td>3</td>
<td>testscript.AddNewSubCategoryPageTest@3336e6b6</td></tr>
<tr>
<td title='testscript.AddNewUserPageTest.verifyIfNewUserCanBeAdded()'><b>verifyIfNewUserCanBeAdded</b><br>Test class: testscript.AddNewUserPageTest</td>
<td></td>
<td>4</td>
<td>testscript.AddNewUserPageTest@7ba8c737</td></tr>
<tr>
<td title='testscript.UpdateSubCategoryPageTest.verifyIfUserCanUpdateSubCategory()'><b>verifyIfUserCanUpdateSubCategory</b><br>Test class: testscript.UpdateSubCategoryPageTest</td>
<td></td>
<td>2</td>
<td>testscript.UpdateSubCategoryPageTest@7c3fdb62</td></tr>
<tr>
<td title='testscript.ResetPageTest.verifyWhetherClickOnResetButtonisResettingfields()'><b>verifyWhetherClickOnResetButtonisResettingfields</b><br>Test class: testscript.ResetPageTest</td>
<td></td>
<td>1</td>
<td>testscript.ResetPageTest@16c069df</td></tr>
<tr>
<td title='testscript.LoginPageTest.verifyUsercanLoginwithInvalidUsernameAndPassword()'><b>verifyUsercanLoginwithInvalidUsernameAndPassword</b><br>Test class: testscript.LoginPageTest<br>Parameters: admin, admin</td>
<td></td>
<td>0</td>
<td>testscript.LoginPageTest@264f218</td></tr>
<tr>
<td title='testscript.HomePageTest.verifyWhetherUsercanLogout()'><b>verifyWhetherUsercanLogout</b><br>Test class: testscript.HomePageTest</td>
<td></td>
<td>1</td>
<td>testscript.HomePageTest@93081b6</td></tr>
</table><p>
</body>
</html>