<?xml version="1.0" encoding="UTF-8"?>
<!-- Generated by org.testng.reporters.JUnitXMLReporter -->
<testsuite ignored="0" hostname="HP" failures="0" tests="1" name="parameterTest" time="0.059" errors="0" timestamp="2025-03-29T12:15:38 IST">
  <testcase classname="testscript.Base" name="@BeforeMethod beforeMethod" time="-1.743230738357E9">
    <failure type="org.testng.TestNGException" message="
Parameter &amp;apos;browsers&amp;apos; is required by BeforeMethod on method beforeMethod but has not been marked @Optional or defined
in C:\Users\anexr\git\7rMartSuperMarket\7martSupermarket\extendreport.xml">
      <![CDATA[org.testng.TestNGException: 
Parameter 'browsers' is required by BeforeMethod on method beforeMethod but has not been marked @Optional or defined
in C:\Users\anexr\git\7rMartSuperMarket\7martSupermarket\extendreport.xml
at java.base/java.util.ArrayList.forEach(ArrayList.java:1597)
... Removed 28 stack frames]]>
    </failure>
  </testcase> <!-- @BeforeMethod beforeMethod -->
  <testcase classname="testscript.Base" name="@AfterMethod afterMethod" time="0.0">
    <skipped/>
  </testcase> <!-- @AfterMethod afterMethod -->
  <testcase classname="testscript.HomePageTest" name="verifyWhetherUsercanLogout" time="0.0">
    <skipped/>
  </testcase> <!-- verifyWhetherUsercanLogout -->
</testsuite> <!-- parameterTest -->
