<?xml version="1.0" encoding="UTF-8"?>
<!-- Generated by org.testng.reporters.JUnitXMLReporter -->
<testsuite ignored="4" hostname="HP" failures="1" tests="1" name="ChromeTest" time="6.797" errors="0" timestamp="2025-04-03T09:16:03 IST">
  <testcase classname="testscript.LoginPageTest" name="verifyUserCanLoginwithValidUsernameAndInvalidPwd" time="0.978">
    <failure type="java.lang.AssertionError" message="Login is not Successful expected [Dashboard | 7rmart supermarket] but found [Login | 7rmart supermarket]">
      <![CDATA[java.lang.AssertionError: Login is not Successful expected [Dashboard | 7rmart supermarket] but found [Login | 7rmart supermarket]
at testscript.LoginPageTest.verifyUserCanLoginwithValidUsernameAndInvalidPwd(LoginPageTest.java:54)
at java.base/java.util.ArrayList.forEach(ArrayList.java:1511)
at java.base/java.util.concurrent.FutureTask.run(FutureTask.java:264)
at java.base/java.util.concurrent.ThreadPoolExecutor.runWorker(ThreadPoolExecutor.java:1136)
at java.base/java.util.concurrent.ThreadPoolExecutor$Worker.run(ThreadPoolExecutor.java:635)
at java.base/java.lang.Thread.run(Thread.java:842)
... Removed 22 stack frames]]>
    </failure>
  </testcase> <!-- verifyUserCanLoginwithValidUsernameAndInvalidPwd -->
  <testcase classname="testscript.LoginPageTest" name="verifyUsercanLoginwithValidCredentials" time="0.0">
    <ignored/>
  </testcase> <!-- verifyUsercanLoginwithValidCredentials -->
  <testcase classname="testscript.LoginPageTest" name="verifyUsercanLoginwithInvalidUsernameAndValidPwd" time="0.0">
    <ignored/>
  </testcase> <!-- verifyUsercanLoginwithInvalidUsernameAndValidPwd -->
  <testcase classname="testscript.LoginPageTest" name="verifyUsercanLoginwithDataProviders" time="0.0">
    <ignored/>
  </testcase> <!-- verifyUsercanLoginwithDataProviders -->
  <testcase classname="testscript.LoginPageTest" name="verifyUserCanLoginwithInValidCredentials" time="0.0">
    <ignored/>
  </testcase> <!-- verifyUserCanLoginwithInValidCredentials -->
</testsuite> <!-- ChromeTest -->
